TN:
SF:src\data-source.ts
FNF:0
FNH:0
DA:1,1
DA:2,1
DA:3,1
DA:4,1
DA:5,1
DA:6,1
DA:7,1
DA:8,1
DA:9,1
DA:10,1
DA:11,1
DA:12,1
DA:13,1
DA:14,1
DA:15,1
DA:16,1
DA:17,1
DA:18,1
DA:19,1
DA:20,1
DA:21,1
DA:22,1
DA:23,1
LF:23
LH:23
BRF:0
BRH:0
end_of_record
TN:
SF:src\controllers\user\createUserController.ts
FN:5,CreateUser
FN:6,Object.<anonymous>.CreateUser.handle
FNF:2
FNH:2
FNDA:1,CreateUser
FNDA:2,Object.<anonymous>.CreateUser.handle
DA:1,1
DA:2,1
DA:3,1
DA:4,1
DA:5,1
DA:6,1
DA:7,2
DA:8,2
DA:9,2
DA:10,2
DA:11,2
DA:12,2
DA:13,2
DA:14,2
DA:15,2
DA:16,2
DA:17,2
DA:18,2
DA:19,2
DA:20,1
DA:21,1
DA:22,1
LF:22
LH:22
BRDA:5,0,0,1
BRDA:5,1,0,1
BRDA:6,2,0,2
BRDA:9,3,0,1
BRDA:9,4,0,1
BRDA:10,5,0,0
BRDA:11,6,0,1
BRDA:11,7,0,0
BRF:8
BRH:6
end_of_record
TN:
SF:src\controllers\user\deleteUserController.ts
FN:5,DeleteUserController
FN:6,Object.<anonymous>.DeleteUserController.handle
FNF:2
FNH:2
FNDA:1,DeleteUserController
FNDA:1,Object.<anonymous>.DeleteUserController.handle
DA:1,1
DA:2,1
DA:3,1
DA:4,1
DA:5,1
DA:6,1
DA:7,1
DA:8,1
DA:9,1
DA:10,1
DA:11,1
DA:12,1
DA:13,1
DA:14,1
DA:15,1
DA:16,1
DA:17,1
DA:18,1
LF:18
LH:18
BRDA:5,0,0,1
BRDA:5,1,0,1
BRDA:6,2,0,1
BRF:3
BRH:3
end_of_record
TN:
SF:src\controllers\user\getUserController.ts
FN:5,GetUserController
FN:6,Object.<anonymous>.GetUserController.handle
FNF:2
FNH:1
FNDA:1,GetUserController
FNDA:0,Object.<anonymous>.GetUserController.handle
DA:1,1
DA:2,1
DA:3,1
DA:4,1
DA:5,1
DA:6,1
DA:7,0
DA:8,0
DA:9,0
DA:10,0
DA:11,0
DA:12,0
DA:13,0
DA:14,0
DA:15,0
DA:16,0
DA:17,0
DA:18,1
DA:19,1
DA:20,1
LF:20
LH:9
BRDA:5,0,0,1
BRDA:5,1,0,1
BRF:2
BRH:2
end_of_record
TN:
SF:src\controllers\user\getUsersController.ts
FN:5,GetUsersController
FN:6,Object.<anonymous>.GetUsersController.handle
FNF:2
FNH:2
FNDA:1,GetUsersController
FNDA:1,Object.<anonymous>.GetUsersController.handle
DA:1,1
DA:2,1
DA:3,1
DA:4,1
DA:5,1
DA:6,1
DA:7,1
DA:8,1
DA:9,1
DA:10,1
DA:11,1
DA:12,1
DA:13,1
DA:14,1
DA:15,1
DA:16,1
LF:16
LH:16
BRDA:5,0,0,1
BRDA:5,1,0,1
BRDA:6,2,0,1
BRF:3
BRH:3
end_of_record
TN:
SF:src\controllers\user\updateUserController.ts
FN:6,UpdateUserController
FN:7,Object.<anonymous>.UpdateUserController.handle
FNF:2
FNH:2
FNDA:1,UpdateUserController
FNDA:1,Object.<anonymous>.UpdateUserController.handle
DA:1,1
DA:2,1
DA:3,1
DA:4,1
DA:5,1
DA:6,1
DA:7,1
DA:8,1
DA:9,1
DA:10,1
DA:11,1
DA:12,1
DA:13,1
DA:14,1
DA:15,1
DA:16,1
DA:17,1
DA:18,1
DA:19,1
DA:20,1
DA:21,1
DA:22,1
DA:23,1
DA:24,1
DA:25,1
DA:26,1
DA:27,1
DA:28,1
DA:29,1
DA:30,1
DA:31,1
DA:32,1
LF:32
LH:32
BRDA:6,0,0,1
BRDA:6,1,0,1
BRDA:7,2,0,1
BRDA:11,3,0,0
BRDA:12,4,0,0
BRDA:15,5,0,0
BRF:6
BRH:3
end_of_record
TN:
SF:src\database\index.ts
FN:3,init
FNF:1
FNH:1
FNDA:10,init
DA:1,1
DA:2,1
DA:3,1
DA:4,10
DA:5,10
DA:6,10
DA:7,10
DA:8,10
DA:9,10
LF:9
LH:9
BRDA:3,0,0,10
BRDA:3,1,0,10
BRDA:4,2,0,10
BRDA:5,3,0,10
BRF:4
BRH:4
end_of_record
TN:
SF:src\database\migrations\1659811163827-refactor-tables.ts
FN:3,refactorTables1659811163827
FN:6,Object.<anonymous>.refactorTables1659811163827.up
FN:17,Object.<anonymous>.refactorTables1659811163827.down
FNF:3
FNH:1
FNDA:10,refactorTables1659811163827
FNDA:0,Object.<anonymous>.refactorTables1659811163827.up
FNDA:0,Object.<anonymous>.refactorTables1659811163827.down
DA:1,1
DA:2,1
DA:3,10
DA:4,10
DA:5,10
DA:6,10
DA:7,0
DA:8,0
DA:9,0
DA:10,0
DA:11,0
DA:12,0
DA:13,0
DA:14,0
DA:15,0
DA:16,10
DA:17,10
DA:18,0
DA:19,0
DA:20,0
DA:21,0
DA:22,0
DA:23,0
DA:24,0
DA:25,0
DA:26,0
DA:27,10
DA:28,10
LF:28
LH:10
BRDA:3,0,0,10
BRDA:3,1,0,10
BRF:2
BRH:2
end_of_record
TN:
SF:src\entity\User.ts
FN:4,User
FNF:1
FNH:1
FNDA:68,User
DA:1,1
DA:2,1
DA:3,1
DA:4,68
DA:5,68
DA:6,68
DA:7,68
DA:8,68
DA:9,68
DA:10,68
DA:11,68
DA:12,68
DA:13,68
LF:13
LH:13
BRDA:4,0,0,10
BRDA:4,1,0,68
BRF:2
BRH:2
end_of_record
TN:
SF:src\service\user\createUserService.ts
FN:10,CreateUserService
FN:11,Object.<anonymous>.CreateUserService.execute
FNF:2
FNH:2
FNDA:6,CreateUserService
FNDA:6,Object.<anonymous>.CreateUserService.execute
DA:1,1
DA:2,1
DA:3,1
DA:4,1
DA:5,1
DA:6,1
DA:7,1
DA:8,1
DA:9,1
DA:10,6
DA:11,6
DA:12,6
DA:13,6
DA:14,6
DA:15,6
DA:16,6
DA:17,6
DA:18,6
DA:19,6
DA:20,6
DA:21,6
DA:22,1
DA:23,1
LF:23
LH:23
BRDA:10,0,0,6
BRDA:10,1,0,6
BRDA:11,2,0,6
BRF:3
BRH:3
end_of_record
TN:
SF:src\service\user\deleteUserService.ts
FN:4,DeleteUserService
FN:5,Object.<anonymous>.DeleteUserService.execute
FNF:2
FNH:2
FNDA:4,DeleteUserService
FNDA:4,Object.<anonymous>.DeleteUserService.execute
DA:1,1
DA:2,1
DA:3,1
DA:4,4
DA:5,4
DA:6,4
DA:7,4
DA:8,4
DA:9,4
DA:10,4
DA:11,4
DA:12,4
DA:13,4
DA:14,1
DA:15,1
LF:15
LH:15
BRDA:4,0,0,4
BRDA:4,1,0,4
BRDA:5,2,0,4
BRF:3
BRH:3
end_of_record
TN:
SF:src\service\user\getUserService.ts
FN:4,GetUserService
FN:5,Object.<anonymous>.GetUserService.execute
FNF:2
FNH:2
FNDA:3,GetUserService
FNDA:3,Object.<anonymous>.GetUserService.execute
DA:1,1
DA:2,1
DA:3,1
DA:4,3
DA:5,3
DA:6,3
DA:7,3
DA:8,3
DA:9,3
DA:10,3
DA:11,3
DA:12,3
DA:13,3
DA:14,3
DA:15,1
DA:16,1
LF:16
LH:16
BRDA:4,0,0,3
BRDA:4,1,0,3
BRDA:5,2,0,3
BRF:3
BRH:3
end_of_record
TN:
SF:src\service\user\getUsersService.ts
FN:4,GetUsersServices
FN:5,Object.<anonymous>.GetUsersServices.execute
FNF:2
FNH:2
FNDA:4,GetUsersServices
FNDA:4,Object.<anonymous>.GetUsersServices.execute
DA:1,1
DA:2,1
DA:3,1
DA:4,4
DA:5,4
DA:6,4
DA:7,4
DA:8,4
DA:9,4
DA:10,4
DA:11,1
DA:12,1
LF:12
LH:12
BRDA:4,0,0,4
BRDA:4,1,0,4
BRDA:5,2,0,4
BRDA:6,3,0,4
BRF:4
BRH:4
end_of_record
TN:
SF:src\service\user\updateUserService.ts
FN:10,UpdateUserService
FN:11,Object.<anonymous>.UpdateUserService.execute
FNF:2
FNH:2
FNDA:2,UpdateUserService
FNDA:2,Object.<anonymous>.UpdateUserService.execute
DA:1,1
DA:2,1
DA:3,1
DA:4,1
DA:5,1
DA:6,1
DA:7,1
DA:8,1
DA:9,1
DA:10,2
DA:11,2
DA:12,2
DA:13,2
DA:14,2
DA:15,2
DA:16,2
DA:17,2
DA:18,2
DA:19,2
DA:20,2
DA:21,2
DA:22,2
DA:23,1
DA:24,1
LF:24
LH:24
BRDA:10,0,0,2
BRDA:10,1,0,2
BRDA:11,2,0,2
BRDA:16,3,0,1
BRF:4
BRH:4
end_of_record
TN:
SF:src\utils\mocks\responseMock.ts
FN:11,makeMockResponse
FN:16,response.status
FN:20,response.sendStatus
FN:25,response.json
FNF:4
FNH:4
FNDA:4,makeMockResponse
FNDA:4,response.status
FNDA:1,response.sendStatus
FNDA:4,response.json
DA:1,1
DA:2,1
DA:3,1
DA:4,1
DA:5,1
DA:6,1
DA:7,1
DA:8,1
DA:9,1
DA:10,1
DA:11,4
DA:12,4
DA:13,4
DA:14,4
DA:15,4
DA:16,4
DA:17,4
DA:18,4
DA:19,4
DA:20,4
DA:21,1
DA:22,1
DA:23,4
DA:24,4
DA:25,4
DA:26,4
DA:27,4
DA:28,4
DA:29,4
DA:30,4
DA:31,4
LF:31
LH:31
BRDA:11,0,0,4
BRDA:16,1,0,4
BRDA:20,2,0,1
BRDA:25,3,0,4
BRF:4
BRH:4
end_of_record
TN:
SF:src\utils\mocks\resquestMock.ts
FN:8,MakeMockRequest
FNF:1
FNH:1
FNDA:2,MakeMockRequest
DA:1,1
DA:2,1
DA:3,1
DA:4,1
DA:5,1
DA:6,1
DA:7,1
DA:8,2
DA:9,2
DA:10,2
DA:11,2
DA:12,2
LF:12
LH:12
BRDA:8,0,0,2
BRDA:9,1,0,1
BRF:2
BRH:2
end_of_record
